0 info it worked if it ends with ok
1 verbose cli [ 'C:\\Program Files\\nodejs\\\\node.exe',
1 verbose cli   'C:\\Program Files\\nodejs\\node_modules\\npm\\bin\\npm-cli.js',
1 verbose cli   'install',
1 verbose cli   '--save-dev',
1 verbose cli   'stylue' ]
2 info using npm@1.4.28
3 info using node@v0.10.36
4 verbose node symlink C:\Program Files\nodejs\\node.exe
5 warn package.json BoreLogger@0.0.1 No README data
6 warn package.json express-namespace@0.1.1 No repository field.
7 warn package.json express-resource@1.0.0 No repository field.
8 verbose readDependencies using package.json deps
9 verbose cache add [ 'stylue', null ]
10 verbose cache add name=undefined spec="stylue" args=["stylue",null]
11 verbose parsed url { protocol: null,
11 verbose parsed url   slashes: null,
11 verbose parsed url   auth: null,
11 verbose parsed url   host: null,
11 verbose parsed url   port: null,
11 verbose parsed url   hostname: null,
11 verbose parsed url   hash: null,
11 verbose parsed url   search: null,
11 verbose parsed url   query: null,
11 verbose parsed url   pathname: 'stylue',
11 verbose parsed url   path: 'stylue',
11 verbose parsed url   href: 'stylue' }
12 silly lockFile bdbe81b9-stylue stylue
13 verbose lock stylue C:\Users\jerem_000\AppData\Roaming\npm-cache\bdbe81b9-stylue.lock
14 silly lockFile bdbe81b9-stylue stylue
15 silly lockFile bdbe81b9-stylue stylue
16 verbose addNamed [ 'stylue', '' ]
17 verbose addNamed [ null, '*' ]
18 silly lockFile b9d60eb4-stylue stylue@
19 verbose lock stylue@ C:\Users\jerem_000\AppData\Roaming\npm-cache\b9d60eb4-stylue.lock
20 silly addNameRange { name: 'stylue', range: '*', hasData: false }
21 verbose request where is /stylue
22 verbose request registry https://registry.npmjs.org/
23 verbose request id e1ecaa40529384c2
24 verbose url raw /stylue
25 verbose url resolving [ 'https://registry.npmjs.org/', './stylue' ]
26 verbose url resolved https://registry.npmjs.org/stylue
27 verbose request where is https://registry.npmjs.org/stylue
28 info trying registry request attempt 1 at 01:12:32
29 http GET https://registry.npmjs.org/stylue
30 http 404 https://registry.npmjs.org/stylue
31 verbose headers { date: 'Tue, 07 Apr 2015 05:12:38 GMT',
31 verbose headers   server: 'CouchDB/1.5.0 (Erlang OTP/R16B03)',
31 verbose headers   'content-type': 'application/json',
31 verbose headers   'cache-control': 'max-age=0',
31 verbose headers   'content-length': '51',
31 verbose headers   'accept-ranges': 'bytes',
31 verbose headers   via: '1.1 varnish',
31 verbose headers   age: '0',
31 verbose headers   'x-served-by': 'cache-jfk1022-JFK',
31 verbose headers   'x-cache': 'MISS',
31 verbose headers   'x-cache-hits': '0',
31 verbose headers   'x-timer': 'S1428383558.075941,VS0,VE96',
31 verbose headers   'keep-alive': 'timeout=10, max=50',
31 verbose headers   connection: 'Keep-Alive' }
32 silly registry.get cb [ 404,
32 silly registry.get   { date: 'Tue, 07 Apr 2015 05:12:38 GMT',
32 silly registry.get     server: 'CouchDB/1.5.0 (Erlang OTP/R16B03)',
32 silly registry.get     'content-type': 'application/json',
32 silly registry.get     'cache-control': 'max-age=0',
32 silly registry.get     'content-length': '51',
32 silly registry.get     'accept-ranges': 'bytes',
32 silly registry.get     via: '1.1 varnish',
32 silly registry.get     age: '0',
32 silly registry.get     'x-served-by': 'cache-jfk1022-JFK',
32 silly registry.get     'x-cache': 'MISS',
32 silly registry.get     'x-cache-hits': '0',
32 silly registry.get     'x-timer': 'S1428383558.075941,VS0,VE96',
32 silly registry.get     'keep-alive': 'timeout=10, max=50',
32 silly registry.get     connection: 'Keep-Alive' } ]
33 silly lockFile b9d60eb4-stylue stylue@
34 silly lockFile b9d60eb4-stylue stylue@
35 error 404 404 Not Found: stylue
35 error 404
35 error 404 'stylue' is not in the npm registry.
35 error 404 You should bug the author to publish it
35 error 404 It was specified as a dependency of 'BoreLogger'
35 error 404
35 error 404 Note that you can also install from a
35 error 404 tarball, folder, or http url, or git url.
36 error System Windows_NT 6.2.9200
37 error command "C:\\Program Files\\nodejs\\\\node.exe" "C:\\Program Files\\nodejs\\node_modules\\npm\\bin\\npm-cli.js" "install" "--save-dev" "stylue"
38 error cwd C:\Users\jerem_000\Desktop\BoreLogger\nodejs
39 error node -v v0.10.36
40 error npm -v 1.4.28
41 error code E404
42 verbose exit [ 1, true ]
